UCJUfzeQB5tjx8QmfGufIRSg
UCOorBupX-4jRDwDntU24H_g
UChxvVEnizq9-4m0XhxJkIKA
UC5_qaHlZbCtKH0kbNQtL_nQ
UC7_ztEZK75xt6MAzLhsTdQg
UCfv_71qOeeyziK0jDn8bMjA
UCPBo9IPdVHUBS03lCddhGQw
UCIrDsKSxTPwLLPdxtHyQJVw
UCWn64d0sdIPdDsVkYxcEqtQ
UCeKtf7SQ5d1_WB882Kr3BsQ
UClv5PBtT3ZB1qGpMQxnh6ng
UCyRylrWhdQ-5lpb5PEMSOYQ
UCtlZ4mxuXC3E4KcaHzYI7cw
UCQDWmuAZn4eOkEWN_jjo19A
UCwknvb2UKxbAz1vq2dA_Arg
UCSNQ7Dl2NJD6j_7g5xdqJXg
UCTELu9pmi8gFUpZ8J_nTLDw
UCVynnyggtJ4vg79cw-9YueA
UC6-YrdbddYrZkT2jYLthqYg
UC-wlBJORZtSnhOAaxQADSdg
UCgOnMoODdejMsCy7JVcRR8Q
UCiMobnieWCFb2AhRIonh_cw
UCdbwDZWkpbzssuqcQer0XMg
UCKTGwziJKbHJ_gnOEh0Kraw
UCTMANLiP9JcY3Kw4TPFLlOg
UCqbK2vKuYcMjMfqnNCW3cQQ
UC0-RVE4nwqi_oj9J0T07aVw
UCdOWGmMRgFmd4mCI-9vNfYQ
UCk4oauD5Jp91OhghEhNxLtg
UCCyHGxfQ5EUwpf_jFKLqGiA
UCvI6eVkT3A4LEhWOt3UpCIA
UC53IGIQSOaijN4TIxBbVqhQ
UC5b_nwI5v7JJ26YLYLJ9GEQ
UCfA2e5iXmBvAgbEGxTjruwA
UC5iccLipYvEu75V-I6hl6DA
UCCPZaACu7g0nPXEd9p-DuHg
UCBS70bGngsgSWbnNdHFhr7g
UCJ5SkHWRhnHN0bubbU81-Yw
UCyHHZUj7fCITOr6Fytkn2eA
UC-SJkURwIClznvzq6UQ44Yw
UCjpMRgue5i0AD2l7NaV-qFw
UC8e5y3142k8sa2ND78x826Q
UCOS725LD6EwqbdlB3IQ1i9g
UCab-eyZ2ujrtcY_kXJvVdBg
UCs82NvxXmcxkCn1g7M_we7w
UCQaDKBP_BMJNEK4ka97HiSw
UC7pWBYG5dAB0sDVJbK1bT9g
UCRGXvrw801zNFOhTR7W22jw
UCmJivQwrkOgZvqo--Udn4Vg
UChVgDyfKdPTXSr3V9JI-z-Q
UC8Irpwg09ljmwm_2FJH5hYw
UCsv8vQZWFcOAGxNnOczrRTg
UCQEV7p5EzG3A5Wficv0Bj8Q
UCKPPegG7Mp2f9PLz-my1EgQ
UCzGSA_plY3CrXq8Zv4ree0w
UCLDsLtNYD8Sh2f2uiPPKGwA
UCQBwU5y6Vu-znVRltE_fU2g
UCiLDlxqZur5TqQpxOwSWGjw
UC9uHJd0VeXLMoyVnQ-j6mdQ
UCJaNi5qmPJmYOrrUl9PknQA
