UCOorBupX-4jRDwDntU24H_g
UC7_ztEZK75xt6MAzLhsTdQg
UCeKtf7SQ5d1_WB882Kr3BsQ
UCwknvb2UKxbAz1vq2dA_Arg
UCSNQ7Dl2NJD6j_7g5xdqJXg
UCTELu9pmi8gFUpZ8J_nTLDw
UCVynnyggtJ4vg79cw-9YueA
UC6-YrdbddYrZkT2jYLthqYg
UC-wlBJORZtSnhOAaxQADSdg
UCgOnMoODdejMsCy7JVcRR8Q
UCiMobnieWCFb2AhRIonh_cw
UCdbwDZWkpbzssuqcQer0XMg
UCKTGwziJKbHJ_gnOEh0Kraw
UCTMANLiP9JcY3Kw4TPFLlOg
UCqbK2vKuYcMjMfqnNCW3cQQ
UCdOWGmMRgFmd4mCI-9vNfYQ
UCCyHGxfQ5EUwpf_jFKLqGiA
UCvI6eVkT3A4LEhWOt3UpCIA
UC53IGIQSOaijN4TIxBbVqhQ
UC5b_nwI5v7JJ26YLYLJ9GEQ
UCfA2e5iXmBvAgbEGxTjruwA
UCCPZaACu7g0nPXEd9p-DuHg
UCBS70bGngsgSWbnNdHFhr7g
UCJ5SkHWRhnHN0bubbU81-Yw
UCyHHZUj7fCITOr6Fytkn2eA
UC-SJkURwIClznvzq6UQ44Yw
UCjpMRgue5i0AD2l7NaV-qFw
UC8e5y3142k8sa2ND78x826Q
UCab-eyZ2ujrtcY_kXJvVdBg
UC7pWBYG5dAB0sDVJbK1bT9g
UCRGXvrw801zNFOhTR7W22jw
UCQBwU5y6Vu-znVRltE_fU2g
UCiLDlxqZur5TqQpxOwSWGjw
UC9uHJd0VeXLMoyVnQ-j6mdQ
UCJaNi5qmPJmYOrrUl9PknQA
UCB3OtKg59NoyZx2AwcyHM0g
UCOX0YfDaA88iz8jBniPGFeA
UC9-GvnenV6fqv8UN-JxfSVg
UCo16_yMqbRhghACrWlxjtxA
UCjJa2QsPF_XpUudaG4PdrrQ
UCYEAy-yZmwleXSP-DB8KoGw
UC3yAYWlH0s_lg_vptg_upSA
UCBhl_JGTGlVnMiaZI6jid0A
UC7lrx7tUcHeFk2JnZpkUd2A
UCm5KEhdS7X73xORSON3eKBw
UC3Xch-gNQ9d7VQVMoOsuHQg
UCmdnPVsAXpg_UuNKZzIoYrQ
UC682JBU93KMPqi0w0yEIEAw
UCRQF0HM6rAcXA-UH3NfJLKQ
UCNB_N1D3pL3Ui04Z0K1j3XA
UCLpJbXWVm6LKfPFGJC0Wbfg
UC81o5IsAyhsELw3cSpkq2Pw
UCqiIMMQaXXhd5xntHPXoqUw
UCoafKp-9bN7Sf5o19DKJxtw
UC0MMW1cwU8_uXiiYpy_O6hQ
UCa9noA6KmseeJ6AGBwY7weA