UCmJivQwrkOgZvqo--Udn4Vg
UCs82NvxXmcxkCn1g7M_we7w
UCdPEwS3ThWaot4CjuQSZ2iw
UC-8KHP_Y9Ev2JHdcJZDBRiA
UCEc3pqpT2KmoArMdB9LbUng
UCQoMhdU9lf4xjrycifSIayA
UCIfLdvGKhA7Wh7Tu4lzhkzQ
UCKb1NqRe6J09E1YlN7uO0Nw
UCTy8nQ4A_Zc2wXCOYbfYCIA
UCzGSA_plY3CrXq8Zv4ree0w
UCQEV7p5EzG3A5Wficv0Bj8Q
UC8Irpwg09ljmwm_2FJH5hYw
UChVgDyfKdPTXSr3V9JI-z-Q
UCk4oauD5Jp91OhghEhNxLtg
UCyRylrWhdQ-5lpb5PEMSOYQ
UCpwKt_XK7pje1n2XuuUbzZQ
UCO5VhvXUxEFIiWLvb2MlKPg
UCnTuglEMXOTGo98cSdcc_5A
UCHKNxdhZWrojQydwiPhUafw
UCF8uHyqL4tUx38pd0geVHpg
UCPrX260pPaT9Aj8F2GVokig
UC9-h1DibG7eslxYkYFRrVVQ
UCsa3KKRI0OulpAYiBFHZXWQ
UCsv8vQZWFcOAGxNnOczrRTg